app/build/intermediates/manifest_merge_blame_file/release/manifest-merger-blame-release-report.txt
1<?xml version="1.0" encoding="utf-8"?>
2<manifest xmlns:android="http://schemas.android.com/apk/res/android"
3    package="com.wifi.yinli"
4    android:versionCode="1"
5    android:versionName="1.0" >
6
7    <uses-sdk
8        android:minSdkVersion="19"
8-->src/main/AndroidManifest.xml
9        android:targetSdkVersion="30" />
9-->src/main/AndroidManifest.xml
10
11    <application
11-->src/main/AndroidManifest.xml:5:2-22:16
12        android:name="com.wifi.yinli.App"
12-->src/main/AndroidManifest.xml:6:3-22
13        android:allowBackup="true"
13-->src/main/AndroidManifest.xml:7:3-29
14        android:appComponentFactory="androidx.core.app.CoreComponentFactory"
14-->[androidx.core:core:1.5.0-rc01] AndroidManifest.xml:24:18-86
15        android:icon="@mipmap/ic_launcher"
15-->src/main/AndroidManifest.xml:8:3-37
16        android:label="@string/app_name"
16-->src/main/AndroidManifest.xml:9:3-35
17        android:roundIcon="@mipmap/ic_launcher_round"
17-->src/main/AndroidManifest.xml:10:3-48
18        android:supportsRtl="true"
18-->src/main/AndroidManifest.xml:11:3-29
19        android:theme="@style/MaterialComponents_Theme" >
19-->src/main/AndroidManifest.xml:12:3-50
20        <activity android:name="com.wifi.yinli.activity.MainActivity" >
20-->src/main/AndroidManifest.xml:13:3-19:14
20-->src/main/AndroidManifest.xml:13:13-50
21            <intent-filter>
21-->src/main/AndroidManifest.xml:14:4-18:20
22                <action android:name="android.intent.action.MAIN" />
22-->src/main/AndroidManifest.xml:15:5-57
22-->src/main/AndroidManifest.xml:15:13-54
23
24                <category android:name="android.intent.category.LAUNCHER" />
24-->src/main/AndroidManifest.xml:17:5-65
24-->src/main/AndroidManifest.xml:17:15-62
25            </intent-filter>
26        </activity>
27        <activity android:name="com.wifi.yinli.CrashHandler$CrashActiviy" />
27-->src/main/AndroidManifest.xml:20:3-56
27-->src/main/AndroidManifest.xml:20:13-54
28        <activity android:name="com.wifi.yinli.activity.AboutActivity" />
28-->src/main/AndroidManifest.xml:21:9-59
28-->src/main/AndroidManifest.xml:21:19-57
29    </application>
30
31</manifest>